Build started 11/15 22:17:24.
     1>Project "E:\Personal\Masters\OOP_C++\Homeworks\HomeWork7_ExtraCredit\HomeWork7_ExtraCredit\HomeWork7_ExtraCredit.vcxproj" on node 2 (Build target(s)).
     1>ClCompile:
         E:\Visual_Studio\Developer\VC\bin\CL.exe /c /ZI /nologo /W3 /WX- /Od /Oy- /D WIN32 /D _DEBUG /D _CONSOLE /D _UNICODE /D UNICODE /Gm /EHsc /RTC1 /MDd /GS /fp:precise /Zc:wchar_t /Zc:forScope /Fo"Debug\\" /Fd"Debug\vc110.pdb" /Gd /TP /analyze- /errorReport:prompt SimpleListTestDriver.cpp
         SimpleListTestDriver.cpp
     1>e:\personal\masters\oop_c++\homeworks\homework7_extracredit\homework7_extracredit\nodesllist.h(56): fatal error C1001: An internal error has occurred in the compiler.
         (compiler file 'msc1.cpp', line 1443)
          To work around this problem, try simplifying or changing the program near the locations listed above.
         Please choose the Technical Support command on the Visual C++ 
          Help menu, or open the Technical Support help file for more information
                 e:\personal\masters\oop_c++\homeworks\homework7_extracredit\homework7_extracredit\nodesllist.h(560) : see reference to class template instantiation 'NodeSLList<T>' being compiled
     1>Done Building Project "E:\Personal\Masters\OOP_C++\Homeworks\HomeWork7_ExtraCredit\HomeWork7_ExtraCredit\HomeWork7_ExtraCredit.vcxproj" (Build target(s)) -- FAILED.

Build FAILED.

Time Elapsed 00:00:05.71
